This is pdfTeX, Version 3.141592653-2.6-1.40.26 (TeX Live 2024) (preloaded format=pdflatex 2024.11.22)  20 FEB 2025 22:21
entering extended mode
 restricted \write18 enabled.
 %&-line parsing enabled.
**fin.tex
(./fin.tex
LaTeX2e <2023-11-01> patch level 1
L3 programming layer <2024-02-20>
(/usr/local/texlive/2024/texmf-dist/tex/latex/base/article.cls
Document Class: article 2023/05/17 v1.4n Standard LaTeX document class
(/usr/local/texlive/2024/texmf-dist/tex/latex/base/size10.clo
File: size10.clo 2023/05/17 v1.4n Standard LaTeX file (size option)
)
\c@part=\count188
\c@section=\count189
\c@subsection=\count190
\c@subsubsection=\count191
\c@paragraph=\count192
\c@subparagraph=\count193
\c@figure=\count194
\c@table=\count195
\abovecaptionskip=\skip48
\belowcaptionskip=\skip49
\bibindent=\dimen140
)
(/usr/local/texlive/2024/texmf-dist/tex/latex/amsmath/amsmath.sty
Package: amsmath 2023/05/13 v2.17o AMS math features
\@mathmargin=\skip50

For additional information on amsmath, use the `?' option.
(/usr/local/texlive/2024/texmf-dist/tex/latex/amsmath/amstext.sty
Package: amstext 2021/08/26 v2.01 AMS text

(/usr/local/texlive/2024/texmf-dist/tex/latex/amsmath/amsgen.sty
File: amsgen.sty 1999/11/30 v2.0 generic functions
\@emptytoks=\toks17
\ex@=\dimen141
))
(/usr/local/texlive/2024/texmf-dist/tex/latex/amsmath/amsbsy.sty
Package: amsbsy 1999/11/29 v1.2d Bold Symbols
\pmbraise@=\dimen142
)
(/usr/local/texlive/2024/texmf-dist/tex/latex/amsmath/amsopn.sty
Package: amsopn 2022/04/08 v2.04 operator names
)
\inf@bad=\count196
LaTeX Info: Redefining \frac on input line 234.
\uproot@=\count197
\leftroot@=\count198
LaTeX Info: Redefining \overline on input line 399.
LaTeX Info: Redefining \colon on input line 410.
\classnum@=\count199
\DOTSCASE@=\count266
LaTeX Info: Redefining \ldots on input line 496.
LaTeX Info: Redefining \dots on input line 499.
LaTeX Info: Redefining \cdots on input line 620.
\Mathstrutbox@=\box51
\strutbox@=\box52
LaTeX Info: Redefining \big on input line 722.
LaTeX Info: Redefining \Big on input line 723.
LaTeX Info: Redefining \bigg on input line 724.
LaTeX Info: Redefining \Bigg on input line 725.
\big@size=\dimen143
LaTeX Font Info:    Redeclaring font encoding OML on input line 743.
LaTeX Font Info:    Redeclaring font encoding OMS on input line 744.
\macc@depth=\count267
LaTeX Info: Redefining \bmod on input line 905.
LaTeX Info: Redefining \pmod on input line 910.
LaTeX Info: Redefining \smash on input line 940.
LaTeX Info: Redefining \relbar on input line 970.
LaTeX Info: Redefining \Relbar on input line 971.
\c@MaxMatrixCols=\count268
\dotsspace@=\muskip16
\c@parentequation=\count269
\dspbrk@lvl=\count270
\tag@help=\toks18
\row@=\count271
\column@=\count272
\maxfields@=\count273
\andhelp@=\toks19
\eqnshift@=\dimen144
\alignsep@=\dimen145
\tagshift@=\dimen146
\tagwidth@=\dimen147
\totwidth@=\dimen148
\lineht@=\dimen149
\@envbody=\toks20
\multlinegap=\skip51
\multlinetaggap=\skip52
\mathdisplay@stack=\toks21
LaTeX Info: Redefining \[ on input line 2953.
LaTeX Info: Redefining \] on input line 2954.
)
(/usr/local/texlive/2024/texmf-dist/tex/latex/microtype/microtype.sty
Package: microtype 2023/03/13 v3.1a Micro-typographical refinements (RS)

(/usr/local/texlive/2024/texmf-dist/tex/latex/graphics/keyval.sty
Package: keyval 2022/05/29 v1.15 key=value parser (DPC)
\KV@toks@=\toks22
)
(/usr/local/texlive/2024/texmf-dist/tex/latex/etoolbox/etoolbox.sty
Package: etoolbox 2020/10/05 v2.5k e-TeX tools for LaTeX (JAW)
\etb@tempcnta=\count274
)
\MT@toks=\toks23
\MT@tempbox=\box53
\MT@count=\count275
LaTeX Info: Redefining \noprotrusionifhmode on input line 1059.
LaTeX Info: Redefining \leftprotrusion on input line 1060.
\MT@prot@toks=\toks24
LaTeX Info: Redefining \rightprotrusion on input line 1078.
LaTeX Info: Redefining \textls on input line 1368.
\MT@outer@kern=\dimen150
LaTeX Info: Redefining \textmicrotypecontext on input line 1988.
\MT@listname@count=\count276

(/usr/local/texlive/2024/texmf-dist/tex/latex/microtype/microtype-pdftex.def
File: microtype-pdftex.def 2023/03/13 v3.1a Definitions specific to pdftex (RS)

LaTeX Info: Redefining \lsstyle on input line 902.
LaTeX Info: Redefining \lslig on input line 902.
\MT@outer@space=\skip53
)
Package microtype Info: Loading configuration file microtype.cfg.

(/usr/local/texlive/2024/texmf-dist/tex/latex/microtype/microtype.cfg
File: microtype.cfg 2023/03/13 v3.1a microtype main configuration file (RS)
))
(/usr/local/texlive/2024/texmf-dist/tex/generic/babel/babel.sty
Package: babel 2024/02/07 v24.2 The Babel package
\babel@savecnt=\count277
\U@D=\dimen151
\l@unhyphenated=\language89

(/usr/local/texlive/2024/texmf-dist/tex/generic/babel/txtbabel.def)
\bbl@readstream=\read2
\bbl@dirlevel=\count278

(/usr/local/texlive/2024/texmf-dist/tex/generic/babel-english/english.ldf
Language: english 2017/06/06 v3.3r English support from the babel system
Package babel Info: Hyphen rules for 'canadian' set to \l@english
(babel)             (\language0). Reported on input line 102.
Package babel Info: Hyphen rules for 'australian' set to \l@ukenglish
(babel)             (\language23). Reported on input line 105.
Package babel Info: Hyphen rules for 'newzealand' set to \l@ukenglish
(babel)             (\language23). Reported on input line 108.
))
(/usr/local/texlive/2024/texmf-dist/tex/generic/babel/locale/en/babel-english.t
ex
Package babel Info: Importing font and identification data for english
(babel)             from babel-en.ini. Reported on input line 11.
)
(/usr/local/texlive/2024/texmf-dist/tex/latex/l3backend/l3backend-pdftex.def
File: l3backend-pdftex.def 2024-02-20 L3 backend support: PDF output (pdfTeX)
\l__color_backend_stack_int=\count279
\l__pdf_internal_box=\box54
)
(./fin.aux)
\openout1 = `fin.aux'.

LaTeX Font Info:    Checking defaults for OML/cmm/m/it on input line 6.
LaTeX Font Info:    ... okay on input line 6.
LaTeX Font Info:    Checking defaults for OMS/cmsy/m/n on input line 6.
LaTeX Font Info:    ... okay on input line 6.
LaTeX Font Info:    Checking defaults for OT1/cmr/m/n on input line 6.
LaTeX Font Info:    ... okay on input line 6.
LaTeX Font Info:    Checking defaults for T1/cmr/m/n on input line 6.
LaTeX Font Info:    ... okay on input line 6.
LaTeX Font Info:    Checking defaults for TS1/cmr/m/n on input line 6.
LaTeX Font Info:    ... okay on input line 6.
LaTeX Font Info:    Checking defaults for OMX/cmex/m/n on input line 6.
LaTeX Font Info:    ... okay on input line 6.
LaTeX Font Info:    Checking defaults for U/cmr/m/n on input line 6.
LaTeX Font Info:    ... okay on input line 6.
LaTeX Info: Redefining \microtypecontext on input line 6.
Package microtype Info: Applying patch `item' on input line 6.
Package microtype Info: Applying patch `toc' on input line 6.
Package microtype Info: Applying patch `eqnum' on input line 6.
Package microtype Info: Applying patch `footnote' on input line 6.
Package microtype Info: Applying patch `verbatim' on input line 6.
Package microtype Info: Generating PDF output.
Package microtype Info: Character protrusion enabled (level 2).
Package microtype Info: Using default protrusion set `alltext'.
Package microtype Info: Automatic font expansion enabled (level 2),
(microtype)             stretch: 20, shrink: 20, step: 1, non-selected.
Package microtype Info: Using default expansion set `alltext-nott'.
LaTeX Info: Redefining \showhyphens on input line 6.
Package microtype Info: No adjustment of tracking.
Package microtype Info: No adjustment of interword spacing.
Package microtype Info: No adjustment of character kerning.
 (/usr/local/texlive/2024/texmf-dist/tex/latex/microtype/mt-cmr.cfg
File: mt-cmr.cfg 2013/05/19 v2.2 microtype config. file: Computer Modern Roman 
(RS)
)
Overfull \hbox (11.15273pt too wide) in paragraph at lines 18--19
[]\OT1/cmr/bx/n/10 (-20) Integrated De-vel-op-ment En-vi-ron-ment (IDE)\OT1/cmr
/m/n/10 (-20) : This pro-vides a workspace
 []

Package microtype Info: Loading generic protrusion settings for font family
(microtype)             `cmtt' (encoding: OT1).
(microtype)             For optimal results, create family-specific settings.
(microtype)             See the microtype manual for details.
LaTeX Font Info:    Trying to load font information for OMS+cmtt on input line 
37.
LaTeX Font Info:    No file OMScmtt.fd. on input line 37.

LaTeX Font Warning: Font shape `OMS/cmtt/m/n' undefined
(Font)              using `OMS/cmsy/m/n' instead
(Font)              for symbol `textbraceleft' on input line 37.

[1

{/usr/local/texlive/2024/texmf-var/fonts/map/pdftex/updmap/pdftex.map}{/usr/loc
al/texlive/2024/texmf-dist/fonts/enc/dvips/cm-super/cm-super-ts1.enc}]
Overfull \hbox (17.8643pt too wide) in paragraph at lines 68--69
[]\OT1/cmr/m/n/10 (-20) Typing \OT1/cmtt/m/n/10 sout \OT1/cmr/m/n/10 (-20) and 
press-ing Tab in In-tel-liJ auto-generates a \OT1/cmtt/m/n/10 system.out.printl
n
 []

LaTeX Font Info:    Font shape `OT1/cmtt/bx/n' in size <10> not available
(Font)              Font shape `OT1/cmtt/m/n' tried instead on input line 83.
[2]
LaTeX Font Info:    Font shape `OT1/cmtt/bx/n' in size <12> not available
(Font)              Font shape `OT1/cmtt/m/n' tried instead on input line 120.
LaTeX Font Info:    Trying to load font information for TS1+cmtt on input line 
148.
 (/usr/local/texlive/2024/texmf-dist/tex/latex/base/ts1cmtt.fd
File: ts1cmtt.fd 2023/04/13 v2.5m Standard LaTeX font definitions
)
Package microtype Info: Loading generic protrusion settings for font family
(microtype)             `cmtt' (encoding: TS1).
(microtype)             For optimal results, create family-specific settings.
(microtype)             See the microtype manual for details.
 [3] [4]
Overfull \hbox (18.7207pt too wide) in paragraph at lines 192--193
[]\OT1/cmr/m/n/10 (-20) Printing vari-ables: \OT1/cmtt/m/n/10 System.out.printl
n("Your age is " + age + " years
 []


Overfull \hbox (62.99368pt too wide) in paragraph at lines 193--194
[]\OT1/cmr/m/n/10 (-20) Combining mul-ti-ple vari-ables in a sin-gle \OT1/cmtt/
m/n/10 println \OT1/cmr/m/n/10 (-20) state-ment: \OT1/cmtt/m/n/10 System.out.pr
intln("Your
 []


Overfull \hbox (3.68483pt too wide) in paragraph at lines 194--195
\OT1/cmtt/m/n/10 is a " + car + " for sale"); \OMS/cmtt/m/n/10 g \OT1/cmtt/m/n/
10 else \OMS/cmtt/m/n/10 f \OT1/cmtt/m/n/10 System.out.println(car +
 []


Overfull \hbox (3.80658pt too wide) in paragraph at lines 203--204
[]\OT1/cmr/bx/n/10 (-20) Primitive data types: \OT1/cmr/m/n/10 (-20) Sim-ple va
l-ues (in-te-gers, floats, char-ac-ters, booleans)
 []

[5]
Overfull \hbox (5.83333pt too wide) in paragraph at lines 229--230
[]\OT1/cmr/m/n/10 (-20) Create a 'Scan-ner' ob-ject: \OT1/cmtt/m/n/10 Scanner s
canner = new Scanner(System.in); 
 []


Overfull \hbox (21.96101pt too wide) in paragraph at lines 238--239
[]\OT1/cmr/m/n/10 (-20) To read a line of text (in-clud-ing spaces): \OT1/cmtt/
m/n/10 String name = scanner.nextLine(); 
 []


Overfull \hbox (2.36568pt too wide) in paragraph at lines 251--252
[]\OT1/cmr/m/n/10 (-20) Example: \OT1/cmtt/m/n/10 System.out.print("Enter your 
age: "); \OT1/cmr/m/n/10 (-20) fol-lowed by \OT1/cmtt/m/n/10 int age
 []


Overfull \hbox (34.92934pt too wide) in paragraph at lines 257--258
[]\OT1/cmr/m/n/10 (-20) To read a dou-ble (floating-point num-ber): \OT1/cmtt/m
/n/10 double gpa = scanner.nextDouble(); 
 []


Overfull \hbox (2.36568pt too wide) in paragraph at lines 260--261
[]\OT1/cmr/m/n/10 (-20) Example: \OT1/cmtt/m/n/10 System.out.print("What is you
r GPA? "); \OT1/cmr/m/n/10 (-20) fol-lowed by \OT1/cmtt/m/n/10 double
 []


Overfull \hbox (1.37889pt too wide) in paragraph at lines 260--261
\OT1/cmtt/m/n/10 gpa = scanner.nextDouble(); \OT1/cmr/m/n/10 (-20) and then \OT
1/cmtt/m/n/10 System.out.println("Your GPA is
 []


Overfull \hbox (30.67778pt too wide) in paragraph at lines 266--267
[]\OT1/cmr/m/n/10 (-20) To read a boolean (true/false): \OT1/cmtt/m/n/10 boolea
n isStudent = scanner.nextBoolean(); 
 []

[6]
Overfull \hbox (0.33737pt too wide) in paragraph at lines 289--290
[]\OT1/cmr/m/n/10 (-20) The prob-lem arises when us-ing \OT1/cmtt/m/n/10 next()
 \OT1/cmr/m/n/10 (-20) for in-te-gers/doubles and \OT1/cmtt/m/n/10 nextLine()
 []

[7]
Overfull \hbox (16.46281pt too wide) in paragraph at lines 310--311
[]\OT1/cmr/m/n/10 (-20) Declare string vari-ables: \OT1/cmtt/m/n/10 adjective1\
OT1/cmr/m/n/10 (-20) , \OT1/cmtt/m/n/10 noun1\OT1/cmr/m/n/10 (-20) , \OT1/cmtt/
m/n/10 adjective2\OT1/cmr/m/n/10 (-20) , \OT1/cmtt/m/n/10 verb1\OT1/cmr/m/n/10 
(-20) , \OT1/cmtt/m/n/10 adjective3\OT1/cmr/m/n/10 (-20) . 
 []

[8] [9] [10]
LaTeX Font Info:    Trying to load font information for OMS+cmr on input line 4
51.
 (/usr/local/texlive/2024/texmf-dist/tex/latex/base/omscmr.fd
File: omscmr.fd 2023/04/13 v2.5m Standard LaTeX font definitions
)
LaTeX Font Info:    Font shape `OMS/cmr/m/n' in size <10> not available
(Font)              Font shape `OMS/cmsy/m/n' tried instead on input line 451.

[11]
Overfull \hbox (20.42155pt too wide) in paragraph at lines 493--494
[]\OT1/cmr/m/n/10 (-20) The pro-gram is mod-i-fied to take user in-put for age 
us-ing the \OT1/cmtt/m/n/10 java.util.Scanner
 []

[12] [13] [14] [15]
LaTeX Font Info:    Font shape `OT1/cmtt/bx/n' in size <14.4> not available
(Font)              Font shape `OT1/cmtt/m/n' tried instead on input line 630.
 [16]
Overfull \hbox (15.81248pt too wide) in paragraph at lines 656--657
\OT1/cmr/m/n/10 (-20) boolean vari-able. Ex-am-ple: \OT1/cmtt/m/n/10 printf("Em
ployed: %b", employedVariable)\OT1/cmr/m/n/10 (-20) . 
 []

[17] [18] (./fin.aux)
 ***********
LaTeX2e <2023-11-01> patch level 1
L3 programming layer <2024-02-20>
 ***********


LaTeX Font Warning: Some font shapes were not available, defaults substituted.

 ) 
Here is how much of TeX's memory you used:
 4616 strings out of 474116
 75854 string characters out of 5743681
 1933187 words of memory out of 5000000
 26880 multiletter control sequences out of 15000+600000
 564599 words of font info for 104 fonts, out of 8000000 for 9000
 1141 hyphenation exceptions out of 8191
 56i,5n,65p,1000b,232s stack positions out of 10000i,1000n,20000p,200000b,200000s
</usr/local/texlive/2024/texmf-dist/fonts/type1/public/amsfonts/cm/cmbx10.pfb
></usr/local/texlive/2024/texmf-dist/fonts/type1/public/amsfonts/cm/cmbx12.pfb>
</usr/local/texlive/2024/texmf-dist/fonts/type1/public/amsfonts/cm/cmmi10.pfb><
/usr/local/texlive/2024/texmf-dist/fonts/type1/public/amsfonts/cm/cmr10.pfb></u
sr/local/texlive/2024/texmf-dist/fonts/type1/public/amsfonts/cm/cmr7.pfb></usr/
local/texlive/2024/texmf-dist/fonts/type1/public/amsfonts/cm/cmsy10.pfb></usr/l
ocal/texlive/2024/texmf-dist/fonts/type1/public/amsfonts/cm/cmti10.pfb></usr/lo
cal/texlive/2024/texmf-dist/fonts/type1/public/amsfonts/cm/cmtt10.pfb></usr/loc
al/texlive/2024/texmf-dist/fonts/type1/public/amsfonts/cm/cmtt12.pfb></usr/loca
l/texlive/2024/texmf-dist/fonts/type1/public/amsfonts/cm/cmtt8.pfb></usr/local/
texlive/2024/texmf-dist/fonts/type1/public/cm-super/sfrm1000.pfb></usr/local/te
xlive/2024/texmf-dist/fonts/type1/public/cm-super/sftt1000.pfb>
Output written on fin.pdf (18 pages, 174439 bytes).
PDF statistics:
 123 PDF objects out of 1000 (max. 8388607)
 78 compressed objects within 1 object stream
 0 named destinations out of 1000 (max. 500000)
 23041 words of extra memory for PDF output out of 24883 (max. 10000000)

