This is pdfTeX, Version 3.141592653-2.6-1.40.26 (TeX Live 2024) (preloaded format=pdflatex 2024.11.22)  20 FEB 2025 22:11
entering extended mode
 restricted \write18 enabled.
 %&-line parsing enabled.
**fixed_fin.tex
(./fixed_fin.tex
LaTeX2e <2023-11-01> patch level 1
L3 programming layer <2024-02-20>
(/usr/local/texlive/2024/texmf-dist/tex/latex/base/article.cls
Document Class: article 2023/05/17 v1.4n Standard LaTeX document class
(/usr/local/texlive/2024/texmf-dist/tex/latex/base/size10.clo
File: size10.clo 2023/05/17 v1.4n Standard LaTeX file (size option)
)
\c@part=\count188
\c@section=\count189
\c@subsection=\count190
\c@subsubsection=\count191
\c@paragraph=\count192
\c@subparagraph=\count193
\c@figure=\count194
\c@table=\count195
\abovecaptionskip=\skip48
\belowcaptionskip=\skip49
\bibindent=\dimen140
)
(/usr/local/texlive/2024/texmf-dist/tex/latex/amsmath/amsmath.sty
Package: amsmath 2023/05/13 v2.17o AMS math features
\@mathmargin=\skip50

For additional information on amsmath, use the `?' option.
(/usr/local/texlive/2024/texmf-dist/tex/latex/amsmath/amstext.sty
Package: amstext 2021/08/26 v2.01 AMS text

(/usr/local/texlive/2024/texmf-dist/tex/latex/amsmath/amsgen.sty
File: amsgen.sty 1999/11/30 v2.0 generic functions
\@emptytoks=\toks17
\ex@=\dimen141
))
(/usr/local/texlive/2024/texmf-dist/tex/latex/amsmath/amsbsy.sty
Package: amsbsy 1999/11/29 v1.2d Bold Symbols
\pmbraise@=\dimen142
)
(/usr/local/texlive/2024/texmf-dist/tex/latex/amsmath/amsopn.sty
Package: amsopn 2022/04/08 v2.04 operator names
)
\inf@bad=\count196
LaTeX Info: Redefining \frac on input line 234.
\uproot@=\count197
\leftroot@=\count198
LaTeX Info: Redefining \overline on input line 399.
LaTeX Info: Redefining \colon on input line 410.
\classnum@=\count199
\DOTSCASE@=\count266
LaTeX Info: Redefining \ldots on input line 496.
LaTeX Info: Redefining \dots on input line 499.
LaTeX Info: Redefining \cdots on input line 620.
\Mathstrutbox@=\box51
\strutbox@=\box52
LaTeX Info: Redefining \big on input line 722.
LaTeX Info: Redefining \Big on input line 723.
LaTeX Info: Redefining \bigg on input line 724.
LaTeX Info: Redefining \Bigg on input line 725.
\big@size=\dimen143
LaTeX Font Info:    Redeclaring font encoding OML on input line 743.
LaTeX Font Info:    Redeclaring font encoding OMS on input line 744.
\macc@depth=\count267
LaTeX Info: Redefining \bmod on input line 905.
LaTeX Info: Redefining \pmod on input line 910.
LaTeX Info: Redefining \smash on input line 940.
LaTeX Info: Redefining \relbar on input line 970.
LaTeX Info: Redefining \Relbar on input line 971.
\c@MaxMatrixCols=\count268
\dotsspace@=\muskip16
\c@parentequation=\count269
\dspbrk@lvl=\count270
\tag@help=\toks18
\row@=\count271
\column@=\count272
\maxfields@=\count273
\andhelp@=\toks19
\eqnshift@=\dimen144
\alignsep@=\dimen145
\tagshift@=\dimen146
\tagwidth@=\dimen147
\totwidth@=\dimen148
\lineht@=\dimen149
\@envbody=\toks20
\multlinegap=\skip51
\multlinetaggap=\skip52
\mathdisplay@stack=\toks21
LaTeX Info: Redefining \[ on input line 2953.
LaTeX Info: Redefining \] on input line 2954.
)
(/usr/local/texlive/2024/texmf-dist/tex/latex/l3backend/l3backend-pdftex.def
File: l3backend-pdftex.def 2024-02-20 L3 backend support: PDF output (pdfTeX)
\l__color_backend_stack_int=\count274
\l__pdf_internal_box=\box53
)
No file fixed_fin.aux.
\openout1 = `fixed_fin.aux'.

LaTeX Font Info:    Checking defaults for OML/cmm/m/it on input line 4.
LaTeX Font Info:    ... okay on input line 4.
LaTeX Font Info:    Checking defaults for OMS/cmsy/m/n on input line 4.
LaTeX Font Info:    ... okay on input line 4.
LaTeX Font Info:    Checking defaults for OT1/cmr/m/n on input line 4.
LaTeX Font Info:    ... okay on input line 4.
LaTeX Font Info:    Checking defaults for T1/cmr/m/n on input line 4.
LaTeX Font Info:    ... okay on input line 4.
LaTeX Font Info:    Checking defaults for TS1/cmr/m/n on input line 4.
LaTeX Font Info:    ... okay on input line 4.
LaTeX Font Info:    Checking defaults for OMX/cmex/m/n on input line 4.
LaTeX Font Info:    ... okay on input line 4.
LaTeX Font Info:    Checking defaults for U/cmr/m/n on input line 4.
LaTeX Font Info:    ... okay on input line 4.
LaTeX Font Info:    Trying to load font information for OMS+cmtt on input line 
35.
LaTeX Font Info:    No file OMScmtt.fd. on input line 35.

LaTeX Font Warning: Font shape `OMS/cmtt/m/n' undefined
(Font)              using `OMS/cmsy/m/n' instead
(Font)              for symbol `textbraceleft' on input line 35.

[1

{/usr/local/texlive/2024/texmf-var/fonts/map/pdftex/updmap/pdftex.map}{/usr/loc
al/texlive/2024/texmf-dist/fonts/enc/dvips/cm-super/cm-super-ts1.enc}]
Underfull \hbox (badness 10000) in paragraph at lines 66--67
[]\OT1/cmr/m/n/10 Typing \OT1/cmtt/m/n/10 sout \OT1/cmr/m/n/10 and press-ing Ta
b in In-tel-liJ auto-generates a
 []

LaTeX Font Info:    Font shape `OT1/cmtt/bx/n' in size <10> not available
(Font)              Font shape `OT1/cmtt/m/n' tried instead on input line 81.
[2]
LaTeX Font Info:    Font shape `OT1/cmtt/bx/n' in size <12> not available
(Font)              Font shape `OT1/cmtt/m/n' tried instead on input line 118.
LaTeX Font Info:    Trying to load font information for TS1+cmtt on input line 
146.
 (/usr/local/texlive/2024/texmf-dist/tex/latex/base/ts1cmtt.fd
File: ts1cmtt.fd 2023/04/13 v2.5m Standard LaTeX font definitions
) [3] [4]
Underfull \hbox (badness 10000) in paragraph at lines 191--192
[]\OT1/cmr/m/n/10 Combining mul-ti-ple vari-ables in a sin-gle \OT1/cmtt/m/n/10
 println \OT1/cmr/m/n/10 state-ment:
 []


Underfull \hbox (badness 10000) in paragraph at lines 191--192
\OT1/cmtt/m/n/10 System.out.println("Your choice is a " + color + " " + year
 []


Underfull \hbox (badness 10000) in paragraph at lines 192--193
[]\OT1/cmr/m/n/10 Using a boolean vari-able: \OT1/cmtt/m/n/10 if (forSale) \OMS
/cmtt/m/n/10 f
 []


Underfull \hbox (badness 10000) in paragraph at lines 192--193
\OT1/cmtt/m/n/10 System.out.println("There is a " + car + " for sale"); \OMS/cm
tt/m/n/10 g
 []

[5]
Underfull \hbox (badness 10000) in paragraph at lines 227--228
[]\OT1/cmr/m/n/10 Create a `Scan-ner` ob-ject: \OT1/cmtt/m/n/10 Scanner scanner
 = new
 []


Underfull \hbox (badness 10000) in paragraph at lines 236--237
[]\OT1/cmr/m/n/10 To read a line of text (in-clud-ing spaces): \OT1/cmtt/m/n/10
 String name =
 []


Underfull \hbox (badness 10000) in paragraph at lines 255--256
[]\OT1/cmr/m/n/10 To read a dou-ble (floating-point num-ber): \OT1/cmtt/m/n/10 
double gpa =
 []


Underfull \hbox (badness 10000) in paragraph at lines 258--259
[]\OT1/cmr/m/n/10 Example: \OT1/cmtt/m/n/10 System.out.print("What is your GPA?
 "); \OT1/cmr/m/n/10 fol-
 []


Underfull \hbox (badness 10000) in paragraph at lines 258--259
\OT1/cmr/m/n/10 lowed by \OT1/cmtt/m/n/10 double gpa = scanner.nextDouble(); \O
T1/cmr/m/n/10 and then
 []


Underfull \hbox (badness 10000) in paragraph at lines 264--265
[]\OT1/cmr/m/n/10 To read a boolean (true/false): \OT1/cmtt/m/n/10 boolean isSt
udent =
 []

[6]
Underfull \hbox (badness 2617) in paragraph at lines 287--288
[]\OT1/cmr/m/n/10 The prob-lem arises when us-ing \OT1/cmtt/m/n/10 next() \OT1/
cmr/m/n/10 for in-te-gers/doubles and
 []

[7]
Underfull \hbox (badness 1460) in paragraph at lines 308--309
[]\OT1/cmr/m/n/10 Declare string vari-ables: \OT1/cmtt/m/n/10 adjective1\OT1/cm
r/m/n/10 , \OT1/cmtt/m/n/10 noun1\OT1/cmr/m/n/10 , \OT1/cmtt/m/n/10 adjective2\
OT1/cmr/m/n/10 , \OT1/cmtt/m/n/10 verb1\OT1/cmr/m/n/10 ,
 []

[8] [9] [10] [11]
LaTeX Font Info:    Trying to load font information for OMS+cmr on input line 4
49.
 (/usr/local/texlive/2024/texmf-dist/tex/latex/base/omscmr.fd
File: omscmr.fd 2023/04/13 v2.5m Standard LaTeX font definitions
)
LaTeX Font Info:    Font shape `OMS/cmr/m/n' in size <10> not available
(Font)              Font shape `OMS/cmsy/m/n' tried instead on input line 449.
[12]
Underfull \hbox (badness 2495) in paragraph at lines 491--492
[]\OT1/cmr/m/n/10 The pro-gram is mod-i-fied to take user in-put for age us-ing
 the
 []

[13] [14] [15] [16]
LaTeX Font Info:    Font shape `OT1/cmtt/bx/n' in size <14.4> not available
(Font)              Font shape `OT1/cmtt/m/n' tried instead on input line 628.

Underfull \hbox (badness 1024) in paragraph at lines 652--653
\OT1/cmr/m/n/10 the in-te-ger vari-able. Ex-am-ple: \OT1/cmtt/m/n/10 printf("Yo
u are %d years old",
 []


Underfull \hbox (badness 1622) in paragraph at lines 654--655
[]\OT1/cmr/bx/n/10 Booleans (\OT1/cmtt/m/n/10 b\OT1/cmr/bx/n/10 ): \OT1/cmr/m/n
/10 Use \OT1/cmtt/m/n/10 %b \OT1/cmr/m/n/10 as a place-holder, fol-lowed by a c
omma
 []


Underfull \hbox (badness 2409) in paragraph at lines 654--655
\OT1/cmr/m/n/10 and the boolean vari-able. Ex-am-ple: \OT1/cmtt/m/n/10 printf("
Employed: %b",
 []

[17] [18]
Underfull \hbox (badness 10000) in paragraph at lines 725--726
[]\OT1/cmtt/m/n/10 amount = principal \OMS/cmsy/m/n/10 ^^B \OT1/cmtt/m/n/10 Mat
h.pow(1 + rate / timesCompounded,
 []

[19])
Runaway argument?
{\$\end {itemize} \par The example demonstrates how nested if stateme\ETC.
! File ended while scanning use of \texttt .
<inserted text> 
                \par 
<*> fixed_fin.tex
                 
? 
! Emergency stop.
<inserted text> 
                \par 
<*> fixed_fin.tex
                 
End of file on the terminal!

 
Here is how much of TeX's memory you used:
 1205 strings out of 474116
 18603 string characters out of 5743681
 1933187 words of memory out of 5000000
 23617 multiletter control sequences out of 15000+600000
 561693 words of font info for 50 fonts, out of 8000000 for 9000
 1141 hyphenation exceptions out of 8191
 56i,6n,65p,708b,187s stack positions out of 10000i,1000n,20000p,200000b,200000s
!  ==> Fatal error occurred, no output PDF file produced!
